DefAP 3.0
Executed on 20/04/2024 22:01:46 

------------------------------------------------------- 

>>> Reading in parameters from  EXAMPLES/Li2TiO3/Li2TiO3.input 

   Number of tasks : 5
   Task 1 : energy
   Task 2 : form_plots
   Task 3 : brouwer
   Task 4 : group
   Task 5 : autodisplay

   Host : Li_2-Ti-O_3
   Number of elements in host : 3
   DFT energy of host pfu: -3326.9768 eV
   DFT energy of host supercell: -212926.4738576 eV
   Energy of the valence band maximum: 6.32 eV
   Stoichiometry method: 0

>>> Electronic properties

   Bandgap of host material: 3.27 eV

   Using Boltzmann statistics for electron concentrations
   Effective conduction band integral: 17.76023 eV pfu

   Using Boltzmann statistics for hole concentrations
   Effective valence band integral: 147.2702 eV pfu

>>> Chemical potentials

   Volatile-Rich-Poor method selected

   Using real gas relations for specific heat
   Defining volatile species:
   +-----------------+---------------+------------------+
   | Gaseous species | Stoichiometry | Partial pressure |
   +-----------------+---------------+------------------+
   |               O |      0.000000 |       -20.000000 |
   +-----------------+---------------+------------------+

   Defining constituents of host:
   +------------------+---------------+----------------+------------------------+--------------------------------------+----------+
   | Constituent name | Stoichiometry | DFT energy (eV)| Cation DFT energy (eV) | Formation energy of constituent (eV) | fraction |
   +------------------+---------------+----------------+------------------------+--------------------------------------+----------+
   |           Li_2-O |      1.000000 |    -843.531928 |            -201.016656 |                            -5.815877 | 1.000000 |
   |           Ti-O_2 |      1.000000 |   -2482.178940 |           -1601.194425 |                            -9.218336 | 0.000000 |
   +------------------+---------------+----------------+------------------------+--------------------------------------+----------+

>>> Dopants

   Number of dopants : 2

   Dopant 1 :
   +----------------+------------------+-----------------------------+----------------+--------------------------+-------------------------------+
   | Dopant element | Dopant reference | DFT energy of reference (eV)| Fitting option | Target concentration pfu | Chemical potential range (eV) |
   +----------------+------------------+-----------------------------+----------------+--------------------------+-------------------------------+
   |              H |                H |                  -17.870100 |              2 |             0.0100000000 |                      2.300000 |
   +----------------+------------------+-----------------------------+----------------+--------------------------+-------------------------------+


   Dopant 2 :
   +----------------+------------------+-----------------------------+----------------+--------------------------+-------------------------------+
   | Dopant element | Dopant reference | DFT energy of reference (eV)| Fitting option | Target concentration pfu | Chemical potential range (eV) |
   +----------------+------------------+-----------------------------+----------------+--------------------------+-------------------------------+
   |             He |               He |                  -78.498000 |              1 |             0.0100000000 |                      1.500000 |
   +----------------+------------------+-----------------------------+----------------+--------------------------+-------------------------------+

   Artificial dopant concentration: 0
   Artificial dopant charge: 0

   Fitting chemical potential of 2 dopants
   Using Seqential Least Squares Programming
   Convergence criteria for logarithmic dopant concentration :  0.001
   SLSQP precision goal :  1e-10
   SLSQP maximum iterations :  100
   SLSQP_dial:  10

>>> Entropy

   Entropy contribution OFF

>>> Defect methodology

   Defect concentration method : Boltzmann
   Tab correction OFF
   Screened Madelung correction ON
   Screened Madelung potential: 0.00034559

>>> Instructions for: Task = brouwer

   loop = 0
   Looping over volatile partial pressure

   Temperature : 1000.0 K
   Volatile partial pressure range : -40.0 - 0.0 


>>> Plotting preferences

   Units of y axis set at "concentration per functional unit"
   Minimum of y-axis set at -5
   Maximum of y-axis set at 0
   Default coulour scheme will be used

>>> Summary of defects:
   +------------+-----------+--------------+------+--------+-------------+------------+------+------+------+------+------+
   |   Defect   |   Group   | Multiplicity | Site | Charge | Energy /eV  | Correction | n Li | n Ti | n  O | n  H | n He |
   +------------+-----------+--------------+------+--------+-------------+------------+------+------+------+------+------+
   |    Ti_vac1 |  V_{Ti}-4 |     0.083333 |    1 |     -4 | -211284.457 |      0.000 |    0 |    1 |    0 |    0 |    0 | 
   |    Ti_vac1 |  V_{Ti}-3 |     0.083333 |    1 |     -3 | -211291.380 |      0.000 |    0 |    1 |    0 |    0 |    0 | 
   |    Ti_vac1 |  V_{Ti}-2 |     0.083333 |    1 |     -2 | -211297.896 |      0.000 |    0 |    1 |    0 |    0 |    0 | 
   |    Ti_vac1 |  V_{Ti}-1 |     0.083333 |    1 |     -1 | -211304.606 |      0.000 |    0 |    1 |    0 |    0 |    0 | 
   |    Ti_vac1 |  V_{Ti}-0 |     0.083333 |    1 |      0 | -211310.805 |      0.000 |    0 |    1 |    0 |    0 |    0 | 
   |    Ti_vac2 |  V_{Ti}-4 |     0.083333 |    1 |     -4 | -211284.506 |      0.000 |    0 |    1 |    0 |    0 |    0 | 
   |    Ti_vac2 |  V_{Ti}-3 |     0.083333 |    1 |     -3 | -211291.402 |      0.000 |    0 |    1 |    0 |    0 |    0 | 
   |    Ti_vac2 |  V_{Ti}-2 |     0.083333 |    1 |     -2 | -211298.050 |      0.000 |    0 |    1 |    0 |    0 |    0 | 
   |    Ti_vac2 |  V_{Ti}-1 |     0.083333 |    1 |     -1 | -211304.616 |      0.000 |    0 |    1 |    0 |    0 |    0 | 
   |    Ti_vac2 |  V_{Ti}-0 |     0.083333 |    1 |      0 | -211310.879 |      0.000 |    0 |    1 |    0 |    0 |    0 | 
   |     O_vac1 |   V_{O}+2 |     0.166667 |    1 |      2 | -212503.156 |      0.000 |    0 |    0 |    1 |    0 |    0 | 
   |     O_vac1 |   V_{O}+1 |     0.166667 |    1 |      1 | -212494.075 |      0.000 |    0 |    0 |    1 |    0 |    0 | 
   |     O_vac1 |    V_{O}0 |     0.166667 |    1 |      0 | -212484.404 |      0.000 |    0 |    0 |    1 |    0 |    0 | 
   |     O_vac2 |   V_{O}+2 |     0.166667 |    1 |      2 | -212503.172 |      0.000 |    0 |    0 |    1 |    0 |    0 | 
   |     O_vac2 |   V_{O}+1 |     0.166667 |    1 |      1 | -212494.084 |      0.000 |    0 |    0 |    1 |    0 |    0 | 
   |     O_vac2 |    V_{O}0 |     0.166667 |    1 |      0 | -212484.663 |      0.000 |    0 |    0 |    1 |    0 |    0 | 
   |     O_vac3 |   V_{O}+2 |     0.166667 |    1 |      2 | -212503.012 |      0.000 |    0 |    0 |    1 |    0 |    0 | 
   |     O_vac3 |   V_{O}+1 |     0.166667 |    1 |      1 | -212493.742 |      0.000 |    0 |    0 |    1 |    0 |    0 | 
   |     O_vac3 |    V_{O}0 |     0.166667 |    1 |      0 | -212484.197 |      0.000 |    0 |    0 |    1 |    0 |    0 | 
   |    Li_vac1 |  V_{Li}-1 |     0.166667 |    1 |     -1 | -212714.411 |      0.000 |    1 |    0 |    0 |    0 |    0 | 
   |    Li_vac1 |   V_{Li}0 |     0.166667 |    1 |      0 | -212720.693 |      0.000 |    1 |    0 |    0 |    0 |    0 | 
   |    Li_vac2 |  V_{Li}-1 |     0.083333 |    1 |     -1 | -212714.368 |      0.000 |    1 |    0 |    0 |    0 |    0 | 
   |    Li_vac2 |   V_{Li}0 |     0.083333 |    1 |      0 | -212720.694 |      0.000 |    1 |    0 |    0 |    0 |    0 | 
   |    Li_vac3 |  V_{Li}-1 |     0.083333 |    1 |     -1 | -212714.512 |      0.000 |    1 |    0 |    0 |    0 |    0 | 
   |    Li_vac3 |   V_{Li}0 |     0.083333 |    1 |      0 | -212720.813 |      0.000 |    1 |    0 |    0 |    0 |    0 | 
   |      Tili1 | Ti_{Li}+3 |     0.166667 |    1 |      3 | -214353.819 |      0.000 |    1 |   -1 |    0 |    0 |    0 | 
   |      Tili1 | Ti_{Li}+2 |     0.166667 |    1 |      2 | -214344.865 |      0.000 |    1 |   -1 |    0 |    0 |    0 | 
   |      Tili1 | Ti_{Li}+1 |     0.166667 |    1 |      1 | -214335.621 |      0.000 |    1 |   -1 |    0 |    0 |    0 | 
   |      Tili1 | Ti_{Li}+0 |     0.166667 |    1 |      0 | -214326.227 |      0.000 |    1 |   -1 |    0 |    0 |    0 | 
   |      Tili2 | Ti_{Li}+3 |     0.083333 |    1 |      3 | -214353.854 |      0.000 |    1 |   -1 |    0 |    0 |    0 | 
   |      Tili2 | Ti_{Li}+2 |     0.083333 |    1 |      2 | -214344.788 |      0.000 |    1 |   -1 |    0 |    0 |    0 | 
   |      Tili2 | Ti_{Li}+1 |     0.083333 |    1 |      1 | -214335.484 |      0.000 |    1 |   -1 |    0 |    0 |    0 | 
   |      Tili2 | Ti_{Li}+0 |     0.083333 |    1 |      0 | -214326.229 |      0.000 |    1 |   -1 |    0 |    0 |    0 | 
   |      Tili3 | Ti_{Li}+3 |     0.083333 |    1 |      3 | -214353.678 |      0.000 |    1 |   -1 |    0 |    0 |    0 | 
   |      Tili3 | Ti_{Li}+2 |     0.083333 |    1 |      2 | -214344.837 |      0.000 |    1 |   -1 |    0 |    0 |    0 | 
   |      Tili3 | Ti_{Li}+1 |     0.083333 |    1 |      1 | -214335.547 |      0.000 |    1 |   -1 |    0 |    0 |    0 | 
   |      Tili3 | Ti_{Li}+0 |     0.083333 |    1 |      0 | -214326.259 |      0.000 |    1 |   -1 |    0 |    0 |    0 | 
   |      LiTi1 | Li_{Ti}-3 |     0.083333 |    1 |     -3 | -211497.250 |      0.000 |   -1 |    1 |    0 |    0 |    0 | 
   |      LiTi1 | Li_{Ti}-2 |     0.083333 |    1 |     -2 | -211503.885 |      0.000 |   -1 |    1 |    0 |    0 |    0 | 
   |      LiTi1 | Li_{Ti}-1 |     0.083333 |    1 |     -1 | -211510.179 |      0.000 |   -1 |    1 |    0 |    0 |    0 | 
   |      LiTi1 | Li_{Ti}-0 |     0.083333 |    1 |      0 | -211516.390 |      0.000 |   -1 |    1 |    0 |    0 |    0 | 
   |      LiTi2 | Li_{Ti}-3 |     0.083333 |    1 |     -3 | -211497.328 |      0.000 |   -1 |    1 |    0 |    0 |    0 | 
   |      LiTi2 | Li_{Ti}-2 |     0.083333 |    1 |     -2 | -211503.800 |      0.000 |   -1 |    1 |    0 |    0 |    0 | 
   |      LiTi2 | Li_{Ti}-1 |     0.083333 |    1 |     -1 | -211510.155 |      0.000 |   -1 |    1 |    0 |    0 |    0 | 
   |      LiTi2 | Li_{Ti}-0 |     0.083333 |    1 |      0 | -211516.401 |      0.000 |   -1 |    1 |    0 |    0 |    0 | 
   |    Li_int1 |    Li_i+1 |     0.166667 |    1 |      1 | -213136.397 |      0.000 |   -1 |    0 |    0 |    0 |    0 | 
   |    Li_int1 |     Li_i0 |     0.166667 |    1 |      0 | -213126.886 |      0.000 |   -1 |    0 |    0 |    0 |    0 | 
   |     O_int1 |     O_i-2 |     0.166667 |    1 |     -2 | -213343.016 |      0.000 |    0 |    0 |   -1 |    0 |    0 | 
   |     O_int1 |     O_i-1 |     0.166667 |    1 |     -1 | -213351.337 |      0.000 |    0 |    0 |   -1 |    0 |    0 | 
   |     O_int1 |     O_i-0 |     0.166667 |    1 |      0 | -213360.449 |      0.000 |    0 |    0 |   -1 |    0 |    0 | 
   |    Ti_int1 |    Ti_i+4 |     0.166667 |    1 |      4 | -214561.241 |      0.000 |    0 |   -1 |    0 |    0 |    0 | 
   |    Ti_int1 |    Ti_i+3 |     0.166667 |    1 |      3 | -214552.215 |      0.000 |    0 |   -1 |    0 |    0 |    0 | 
   |    Ti_int1 |    Ti_i+2 |     0.166667 |    1 |      2 | -214543.051 |      0.000 |    0 |   -1 |    0 |    0 |    0 | 
   |    Ti_int1 |    Ti_i+1 |     0.166667 |    1 |      1 | -214533.642 |      0.000 |    0 |   -1 |    0 |    0 |    0 | 
   |    Ti_int1 |    Ti_i+0 |     0.166667 |    1 |      0 | -214524.121 |      0.000 |    0 |   -1 |    0 |    0 |    0 | 
   |    Li_int2 |    Li_i+1 |     0.166667 |    1 |      1 | -213136.677 |      0.000 |   -1 |    0 |    0 |    0 |    0 | 
   |    Li_int2 |     Li_i0 |     0.166667 |    1 |      0 | -213127.016 |      0.000 |   -1 |    0 |    0 |    0 |    0 | 
   |     O_int2 |     O_i-2 |     0.166667 |    1 |     -2 | -213341.440 |      0.000 |    0 |    0 |   -1 |    0 |    0 | 
   |     O_int2 |     O_i-1 |     0.166667 |    1 |     -1 | -213351.027 |      0.000 |    0 |    0 |   -1 |    0 |    0 | 
   |     O_int2 |     O_i-0 |     0.166667 |    1 |      0 | -213360.577 |      0.000 |    0 |    0 |   -1 |    0 |    0 | 
   |      H_Li1 |   H_{Li}0 |     0.166667 |    1 |      0 | -212739.113 |      0.000 |    1 |    0 |    0 |   -1 |    0 | 
   |      H_Li2 |   H_{Li}0 |     0.083333 |    1 |      0 | -212739.090 |      0.000 |    1 |    0 |    0 |   -1 |    0 | 
   |      H_Li3 |   H_{Li}0 |     0.083333 |    1 |      0 | -212739.106 |      0.000 |    1 |    0 |    0 |   -1 |    0 | 
   |       H_O1 |   H_{O}+2 |     0.166667 |    1 |      2 | -212517.311 |      0.000 |    0 |    0 |    1 |   -1 |    0 | 
   |       H_O1 |   H_{O}+1 |     0.166667 |    1 |      1 | -212511.178 |      0.000 |    0 |    0 |    1 |   -1 |    0 | 
   |       H_O1 |   H_{O}+0 |     0.166667 |    1 |      0 | -212501.734 |      0.000 |    0 |    0 |    1 |   -1 |    0 | 
   |       H_O1 |   H_{O}-1 |     0.166667 |    1 |     -1 | -212492.187 |      0.000 |    0 |    0 |    1 |   -1 |    0 | 
   |       H_O2 |   H_{O}+2 |     0.166667 |    1 |      2 | -212517.316 |      0.000 |    0 |    0 |    1 |   -1 |    0 | 
   |       H_O2 |   H_{O}+1 |     0.166667 |    1 |      1 | -212511.160 |      0.000 |    0 |    0 |    1 |   -1 |    0 | 
   |       H_O2 |   H_{O}+0 |     0.166667 |    1 |      0 | -212501.721 |      0.000 |    0 |    0 |    1 |   -1 |    0 | 
   |       H_O2 |   H_{O}-1 |     0.166667 |    1 |     -1 | -212492.171 |      0.000 |    0 |    0 |    1 |   -1 |    0 | 
   |       H_O3 |   H_{O}+2 |     0.166667 |    1 |      2 | -212517.211 |      0.000 |    0 |    0 |    1 |   -1 |    0 | 
   |       H_O3 |   H_{O}+1 |     0.166667 |    1 |      1 | -212511.054 |      0.000 |    0 |    0 |    1 |   -1 |    0 | 
   |       H_O3 |   H_{O}+0 |     0.166667 |    1 |      0 | -212501.606 |      0.000 |    0 |    0 |    1 |   -1 |    0 | 
   |       H_O3 |   H_{O}-1 |     0.166667 |    1 |     -1 | -212492.053 |      0.000 |    0 |    0 |    1 |   -1 |    0 | 
   |     H_int1 |     H_i+1 |     0.166667 |    1 |      1 | -212950.490 |      0.000 |    0 |    0 |    0 |   -1 |    0 | 
   |     H_int2 |     H_i+1 |     0.166667 |    1 |      1 | -212950.413 |      0.000 |    0 |    0 |    0 |   -1 |    0 | 
   |     H_int3 |     H_i+1 |     0.166667 |    1 |      1 | -212950.353 |      0.000 |    0 |    0 |    0 |   -1 |    0 | 
   |     H_int4 |     H_i+1 |     0.166667 |    1 |      1 | -212950.323 |      0.000 |    0 |    0 |    0 |   -1 |    0 | 
   |     H_int5 |     H_i+1 |     0.166667 |    1 |      1 | -212950.415 |      0.000 |    0 |    0 |    0 |   -1 |    0 | 
   |     H_int6 |     H_i+1 |     0.166667 |    1 |      1 | -212950.496 |      0.000 |    0 |    0 |    0 |   -1 |    0 | 
   |     H_int7 |     H_i+1 |     0.166667 |    1 |      1 | -212950.227 |      0.000 |    0 |    0 |    0 |   -1 |    0 | 
   |     H_int1 |     H_i+0 |     0.166667 |    1 |      0 | -212940.998 |      0.000 |    0 |    0 |    0 |   -1 |    0 | 
   |     H_int2 |     H_i+0 |     0.166667 |    1 |      0 | -212940.914 |      0.000 |    0 |    0 |    0 |   -1 |    0 | 
   |     H_int3 |     H_i+0 |     0.166667 |    1 |      0 | -212940.831 |      0.000 |    0 |    0 |    0 |   -1 |    0 | 
   |     H_int4 |     H_i+0 |     0.166667 |    1 |      0 | -212940.821 |      0.000 |    0 |    0 |    0 |   -1 |    0 | 
   |     H_int5 |     H_i+0 |     0.166667 |    1 |      0 | -212940.907 |      0.000 |    0 |    0 |    0 |   -1 |    0 | 
   |     H_int4 |     H_i-1 |     0.166667 |    1 |     -1 | -212930.947 |      0.000 |    0 |    0 |    0 |   -1 |    0 | 
   |     H_int5 |     H_i-1 |     0.166667 |    1 |     -1 | -212930.963 |      0.000 |    0 |    0 |    0 |   -1 |    0 | 
   |     H_int6 |     H_i-1 |     0.166667 |    1 |     -1 | -212930.265 |      0.000 |    0 |    0 |    0 |   -1 |    0 | 
   |     H_int7 |     H_i+0 |     0.166667 |    1 |      0 | -212940.718 |      0.000 |    0 |    0 |    0 |   -1 |    0 | 
   |     H_int6 |     H_i+0 |     0.166667 |    1 |      0 | -212940.984 |      0.000 |    0 |    0 |    0 |   -1 |    0 | 
   |    He_int1 |    He_i+0 |     0.166667 |    1 |      0 | -213002.779 |      0.000 |    0 |    0 |    0 |    0 |   -1 | 
   |    He_int2 |    He_i+0 |     0.166667 |    1 |      0 | -213002.792 |      0.000 |    0 |    0 |    0 |    0 |   -1 | 
   |    He_int3 |    He_i+0 |     0.166667 |    1 |      0 | -213003.375 |      0.000 |    0 |    0 |    0 |    0 |   -1 | 
   |      HeLi1 | He_{Li}-1 |     0.166667 |    1 |     -1 | -212792.144 |      0.000 |    1 |    0 |    0 |    0 |   -1 | 
   |      HeLi2 | He_{Li}-1 |     0.083333 |    1 |     -1 | -212792.122 |      0.000 |    1 |    0 |    0 |    0 |   -1 | 
   |      HeLi3 | He_{Li}-1 |     0.083333 |    1 |     -1 | -212792.187 |      0.000 |    1 |    0 |    0 |    0 |   -1 | 
   |      HeLi1 |  He_{Li}0 |     0.166667 |    1 |      0 | -212798.451 |      0.000 |    1 |    0 |    0 |    0 |   -1 | 
   |      HeLi2 |  He_{Li}0 |     0.083333 |    1 |      0 | -212798.421 |      0.000 |    1 |    0 |    0 |    0 |   -1 | 
   |      HeLi3 |  He_{Li}0 |     0.083333 |    1 |      0 | -212798.449 |      0.000 |    1 |    0 |    0 |    0 |   -1 | 
   |       HeO1 |  He_{O}+2 |     0.166667 |    1 |      2 | -212581.425 |      0.000 |    0 |    0 |    1 |    0 |   -1 | 
   |       HeO2 |  He_{O}+2 |     0.166667 |    1 |      2 | -212581.467 |      0.000 |    0 |    0 |    1 |    0 |   -1 | 
   |       HeO3 |  He_{O}+2 |     0.166667 |    1 |      2 | -212581.215 |      0.000 |    0 |    0 |    1 |    0 |   -1 | 
   |       HeO1 |  He_{O}+1 |     0.166667 |    1 |      1 | -212572.095 |      0.000 |    0 |    0 |    1 |    0 |   -1 | 
   |       HeO2 |  He_{O}+1 |     0.166667 |    1 |      1 | -212572.073 |      0.000 |    0 |    0 |    1 |    0 |   -1 | 
   |       HeO3 |  He_{O}+1 |     0.166667 |    1 |      1 | -212571.877 |      0.000 |    0 |    0 |    1 |    0 |   -1 | 
   |       HeO1 |   He_{O}0 |     0.166667 |    1 |      0 | -212562.709 |      0.000 |    0 |    0 |    1 |    0 |   -1 | 
   |       HeO2 |   He_{O}0 |     0.166667 |    1 |      0 | -212562.724 |      0.000 |    0 |    0 |    1 |    0 |   -1 | 
   |       HeO3 |   He_{O}0 |     0.166667 |    1 |      0 | -212562.470 |      0.000 |    0 |    0 |    1 |    0 |   -1 | 
   |      HeTi1 | He_{Ti}-4 |     0.083333 |    1 |     -4 | -211361.845 |      0.000 |    0 |    1 |    0 |    0 |   -1 | 
   |      HeTi1 | He_{Ti}-3 |     0.083333 |    1 |     -3 | -211368.776 |      0.000 |    0 |    1 |    0 |    0 |   -1 | 
   |      HeTi1 | He_{Ti}-2 |     0.083333 |    1 |     -2 | -211375.538 |      0.000 |    0 |    1 |    0 |    0 |   -1 | 
   |      HeTi1 | He_{Ti}-1 |     0.083333 |    1 |     -1 | -211382.224 |      0.000 |    0 |    1 |    0 |    0 |   -1 | 
   |      HeTi1 | He_{Ti}-0 |     0.083333 |    1 |      0 | -211388.457 |      0.000 |    0 |    1 |    0 |    0 |   -1 | 
   |      HeTi2 | He_{Ti}-4 |     0.083333 |    1 |     -4 | -211361.843 |      0.000 |    0 |    1 |    0 |    0 |   -1 | 
   |      HeTi2 | He_{Ti}-3 |     0.083333 |    1 |     -3 | -211368.774 |      0.000 |    0 |    1 |    0 |    0 |   -1 | 
   |      HeTi2 | He_{Ti}-2 |     0.083333 |    1 |     -2 | -211375.590 |      0.000 |    0 |    1 |    0 |    0 |   -1 | 
   |      HeTi2 | He_{Ti}-1 |     0.083333 |    1 |     -1 | -211382.188 |      0.000 |    0 |    1 |    0 |    0 |   -1 | 
   |      HeTi2 | He_{Ti}-0 |     0.083333 |    1 |      0 | -211388.445 |      0.000 |    0 |    1 |    0 |    0 |   -1 | 
   +------------+-----------+--------------+------+--------+-------------+------------+------+------+------+------+------+
   Number of defects : 120
   Treating system as charged

----------------------------------------------------------------------------------------- 

>>> Formation energies

   +----------------+--------+----------------------+
   |     Defect     | Charge | Formation energy /eV |
   +----------------+--------+----------------------+
   |        Ti_vac1 |     -4 |            10.321730 |
   |        Ti_vac1 |     -3 |             9.701613 |
   |        Ti_vac1 |     -2 |             9.493572 |
   |        Ti_vac1 |     -1 |             9.096008 |
   |        Ti_vac1 |      0 |             9.214120 |
   |        Ti_vac2 |     -4 |            10.272830 |
   |        Ti_vac2 |     -3 |             9.679813 |
   |        Ti_vac2 |     -2 |             9.339072 |
   |        Ti_vac2 |     -1 |             9.085708 |
   |        Ti_vac2 |      0 |             9.140320 |
   |         O_vac1 |      2 |            -2.527307 |
   |         O_vac1 |      1 |             0.226429 |
   |         O_vac1 |      0 |             3.574741 |
   |         O_vac2 |      2 |            -2.542907 |
   |         O_vac2 |      1 |             0.217529 |
   |         O_vac2 |      0 |             3.316141 |
   |         O_vac3 |      2 |            -2.383307 |
   |         O_vac3 |      1 |             0.559029 |
   |         O_vac3 |      0 |             3.781941 |
   |        Li_vac1 |     -1 |             3.226940 |
   |        Li_vac1 |      0 |             3.262752 |
   |        Li_vac2 |     -1 |             3.270040 |
   |        Li_vac2 |      0 |             3.261052 |
   |        Li_vac3 |     -1 |             3.126340 |
   |        Li_vac3 |      0 |             3.142152 |
   |          Tili1 |      3 |            -4.426416 |
   |          Tili1 |      2 |            -1.804657 |
   |          Tili1 |      1 |             1.111778 |
   |          Tili1 |      0 |             4.182790 |
   |          Tili2 |      3 |            -4.461416 |
   |          Tili2 |      2 |            -1.728457 |
   |          Tili2 |      1 |             1.248378 |
   |          Tili2 |      0 |             4.180690 |
   |          Tili3 |      3 |            -4.285116 |
   |          Tili3 |      2 |            -1.777057 |
   |          Tili3 |      1 |             1.185378 |
   |          Tili3 |      0 |             4.151290 |
   |          LiTi1 |     -3 |             6.350518 |
   |          LiTi1 |     -2 |             6.022178 |
   |          LiTi1 |     -1 |             6.041313 |
   |          LiTi1 |      0 |             6.148025 |
   |          LiTi2 |     -3 |             6.272318 |
   |          LiTi2 |     -2 |             6.107678 |
   |          LiTi2 |     -1 |             6.065013 |
   |          LiTi2 |      0 |             6.136525 |
   |        Li_int1 |      1 |            -1.082149 |
   |        Li_int1 |      0 |             2.106163 |
   |         O_int1 |     -2 |             9.322527 |
   |         O_int1 |     -1 |             7.314363 |
   |         O_int1 |      0 |             4.519575 |
   |        Ti_int1 |      4 |            -2.992294 |
   |        Ti_int1 |      3 |            -0.304511 |
   |        Ti_int1 |      2 |             2.527348 |
   |        Ti_int1 |      1 |             5.608884 |
   |        Ti_int1 |      0 |             8.807596 |
   |        Li_int2 |      1 |            -1.362649 |
   |        Li_int2 |      0 |             1.976263 |
   |         O_int2 |     -2 |            10.898527 |
   |         O_int2 |     -1 |             7.623963 |
   |         O_int2 |      0 |             4.391975 |
   |          H_Li1 |      0 |             0.876079 |
   |          H_Li2 |      0 |             0.898379 |
   |          H_Li3 |      0 |             0.882979 |
   |           H_O1 |      2 |            -0.649380 |
   |           H_O1 |      1 |            -0.843144 |
   |           H_O1 |      0 |             2.278367 |
   |           H_O1 |     -1 |             5.507756 |
   |           H_O2 |      2 |            -0.654080 |
   |           H_O2 |      1 |            -0.825744 |
   |           H_O2 |      0 |             2.290667 |
   |           H_O2 |     -1 |             5.523256 |
   |           H_O3 |      2 |            -0.548980 |
   |           H_O3 |      1 |            -0.719944 |
   |           H_O3 |      0 |             2.405967 |
   |           H_O3 |     -1 |             5.641956 |
   |         H_int1 |      1 |            -1.659927 |
   |         H_int2 |      1 |            -1.583027 |
   |         H_int3 |      1 |            -1.523527 |
   |         H_int4 |      1 |            -1.493827 |
   |         H_int5 |      1 |            -1.585527 |
   |         H_int6 |      1 |            -1.666427 |
   |         H_int7 |      1 |            -1.397227 |
   |         H_int1 |      0 |             1.509284 |
   |         H_int2 |      0 |             1.592984 |
   |         H_int3 |      0 |             1.675784 |
   |         H_int4 |      0 |             1.686684 |
   |         H_int5 |      0 |             1.600184 |
   |         H_int4 |     -1 |             5.242973 |
   |         H_int5 |     -1 |             5.226873 |
   |         H_int6 |     -1 |             5.924273 |
   |         H_int7 |      0 |             1.789384 |
   |         H_int6 |      0 |             1.523084 |
   |        He_int1 |      0 |             0.885897 |
   |        He_int2 |      0 |             0.872897 |
   |        He_int3 |      0 |             0.289597 |
   |          HeLi1 |     -1 |             2.685380 |
   |          HeLi2 |     -1 |             2.707380 |
   |          HeLi3 |     -1 |             2.642480 |
   |          HeLi1 |      0 |             2.695091 |
   |          HeLi2 |      0 |             2.725391 |
   |          HeLi3 |      0 |             2.696991 |
   |           HeO1 |      2 |            -3.604968 |
   |           HeO2 |      2 |            -3.647068 |
   |           HeO3 |      2 |            -3.394768 |
   |           HeO1 |      1 |            -0.602932 |
   |           HeO2 |      1 |            -0.580832 |
   |           HeO3 |      1 |            -0.385132 |
   |           HeO1 |      0 |             2.460780 |
   |           HeO2 |      0 |             2.445380 |
   |           HeO3 |      0 |             2.699980 |
   |          HeTi1 |     -4 |            10.124969 |
   |          HeTi1 |     -3 |             9.496752 |
   |          HeTi1 |     -2 |             9.042211 |
   |          HeTi1 |     -1 |             8.668347 |
   |          HeTi1 |      0 |             8.753259 |
   |          HeTi2 |     -4 |            10.127469 |
   |          HeTi2 |     -3 |             9.498352 |
   |          HeTi2 |     -2 |             8.990711 |
   |          HeTi2 |     -1 |             8.705247 |
   |          HeTi2 |      0 |             8.764959 |
   +----------------+--------+----------------------+

